<?xml version="1.0" encoding="UTF-8" standalone="no"?><testsuite errors="0" failures="0" name="org.epo.testautomation.hfs.tests.internalPortal.InternalPortal" skipped="0" tests="3" time="183.79" timestamp="2024-03-14 07:25:40"><testcase classname="org.epo.testautomation.hfs.tests.internalPortal.InternalPortal" name="001 Login to internal portal as administrator"/><testcase classname="org.epo.testautomation.hfs.tests.internalPortal.InternalPortal" name="004 User rights and permissions - Admin"/><testcase classname="org.epo.testautomation.hfs.tests.internalPortal.InternalPortal" name="005 Import users"/></testsuite>