<?xml version="1.0" encoding="UTF-8" standalone="no"?><testsuite errors="0" failures="0" name="org.epo.testautomation.hfs.tests.internalPortal.SystemMaintenance" skipped="0" tests="2" time="90.52" timestamp="2024-03-14 07:25:40"><testcase classname="org.epo.testautomation.hfs.tests.internalPortal.SystemMaintenance" name="Add a system message: schedule date=today, exiry date=2 days later"/><testcase classname="org.epo.testautomation.hfs.tests.internalPortal.SystemMaintenance" name="Add a system message: schedule date=today, exiry date=empty"/></testsuite>