<?xml version="1.0" encoding="UTF-8" standalone="no"?><testsuite errors="0" failures="0" name="org.epo.testautomation.hfs.tests.internalPortal.Organisations" skipped="0" tests="3" time="171.66" timestamp="2024-03-14 07:25:40"><testcase classname="org.epo.testautomation.hfs.tests.internalPortal.Organisations" name="008 Adding organization into EPO portal"/><testcase classname="org.epo.testautomation.hfs.tests.internalPortal.Organisations" name="009 De-activation of an organization"/><testcase classname="org.epo.testautomation.hfs.tests.internalPortal.Organisations" name="010 Edit an organization"/></testsuite>